<?xml version="1.0" encoding="UTF-8"?>
<testsuite name="com.geektrust.traffic.tracks.Orbit1Test" tests="6" skipped="0" failures="0" errors="0" timestamp="2020-08-10T12:29:46" hostname="vaibhav-PC" time="0.007">
  <properties/>
  <testcase name="getDistanceFromDestinationTest()" classname="com.geektrust.traffic.tracks.Orbit1Test" time="0.0"/>
  <testcase name="getAllowedOrbitSpeedForSpeedTest()" classname="com.geektrust.traffic.tracks.Orbit1Test" time="0.0"/>
  <testcase name="setAllowedOrbitSpeedTest()" classname="com.geektrust.traffic.tracks.Orbit1Test" time="0.0"/>
  <testcase name="getCratersTest()" classname="com.geektrust.traffic.tracks.Orbit1Test" time="0.0"/>
  <testcase name="getAllowedOrbitSpeedForNoSpeedTest()" classname="com.geektrust.traffic.tracks.Orbit1Test" time="0.001"/>
  <testcase name="getOrbitNameTest()" classname="com.geektrust.traffic.tracks.Orbit1Test" time="0.0"/>
  <system-out><![CDATA[]]></system-out>
  <system-err><![CDATA[]]></system-err>
</testsuite>
