<?xml version="1.0" encoding="UTF-8"?>
<testsuite name="com.geektrust.traffic.service.VehicleInOrbitImplTest" tests="2" skipped="0" failures="0" errors="0" timestamp="2020-08-10T10:18:22" hostname="vaibhav-PC" time="1.069">
  <properties/>
  <testcase name="getBestVehicleInSunnySeasonTest()" classname="com.geektrust.traffic.service.VehicleInOrbitImplTest" time="1.063"/>
  <testcase name="getBestVehicleInRainySeasonTest()" classname="com.geektrust.traffic.service.VehicleInOrbitImplTest" time="0.005"/>
  <system-out><![CDATA[]]></system-out>
  <system-err><![CDATA[]]></system-err>
</testsuite>
