<?xml version="1.0" encoding="UTF-8"?>
<testsuite name="com.geektrust.traffic.season.WeatherFactoryTest" tests="4" skipped="0" failures="0" errors="0" timestamp="2020-08-10T10:18:23" hostname="vaibhav-PC" time="0.005">
  <properties/>
  <testcase name="createSunnyObject()" classname="com.geektrust.traffic.season.WeatherFactoryTest" time="0.0"/>
  <testcase name="createRainyObject()" classname="com.geektrust.traffic.season.WeatherFactoryTest" time="0.0"/>
  <testcase name="notExistingWeatherObject()" classname="com.geektrust.traffic.season.WeatherFactoryTest" time="0.001"/>
  <testcase name="createWindyObject()" classname="com.geektrust.traffic.season.WeatherFactoryTest" time="0.001"/>
  <system-out><![CDATA[]]></system-out>
  <system-err><![CDATA[]]></system-err>
</testsuite>
