<?xml version="1.0" encoding="UTF-8"?>
<testsuite name="com.geektrust.traffic.season.WindyTest" tests="4" skipped="0" failures="0" errors="0" timestamp="2020-08-10T10:18:23" hostname="vaibhav-PC" time="0.007">
  <properties/>
  <testcase name="totalVehicleTest()" classname="com.geektrust.traffic.season.WindyTest" time="0.001"/>
  <testcase name="updateCraterTest()" classname="com.geektrust.traffic.season.WindyTest" time="0.001"/>
  <testcase name="updateCraterWithDecimalResultTest()" classname="com.geektrust.traffic.season.WindyTest" time="0.001"/>
  <testcase name="weatherTypeTest()" classname="com.geektrust.traffic.season.WindyTest" time="0.0"/>
  <system-out><![CDATA[]]></system-out>
  <system-err><![CDATA[]]></system-err>
</testsuite>
