<?xml version="1.0" encoding="UTF-8"?>
<testsuite name="com.geektrust.traffic.model.IdealVehicleForOrbitTest" tests="6" skipped="0" failures="0" errors="0" timestamp="2020-08-10T10:18:23" hostname="vaibhav-PC" time="0.011">
  <properties/>
  <testcase name="toStringEmptyTest()" classname="com.geektrust.traffic.model.IdealVehicleForOrbitTest" time="0.004"/>
  <testcase name="carAndBikeTest()" classname="com.geektrust.traffic.model.IdealVehicleForOrbitTest" time="0.001"/>
  <testcase name="carAndTukTukEqualSpeedTest()" classname="com.geektrust.traffic.model.IdealVehicleForOrbitTest" time="0.001"/>
  <testcase name="toStringTest()" classname="com.geektrust.traffic.model.IdealVehicleForOrbitTest" time="0.0"/>
  <testcase name="carAndBikeEqualSpeedTest()" classname="com.geektrust.traffic.model.IdealVehicleForOrbitTest" time="0.0"/>
  <testcase name="bikeAndTukTukEqualSpeedTest()" classname="com.geektrust.traffic.model.IdealVehicleForOrbitTest" time="0.001"/>
  <system-out><![CDATA[]]></system-out>
  <system-err><![CDATA[]]></system-err>
</testsuite>
