<?xml version="1.0" encoding="UTF-8"?>
<testsuite name="com.geektrust.traffic.transport.CarTest" tests="4" skipped="0" failures="0" errors="0" timestamp="2020-08-10T12:29:46" hostname="vaibhav-PC" time="0.003">
  <properties/>
  <testcase name="getTimePerCraterTest()" classname="com.geektrust.traffic.transport.CarTest" time="0.0"/>
  <testcase name="bestSpeedForSlowOrbitTest()" classname="com.geektrust.traffic.transport.CarTest" time="0.0"/>
  <testcase name="bestSpeedForFastOrbitTest()" classname="com.geektrust.traffic.transport.CarTest" time="0.0"/>
  <testcase name="getVehicleNameTest()" classname="com.geektrust.traffic.transport.CarTest" time="0.0"/>
  <system-out><![CDATA[]]></system-out>
  <system-err><![CDATA[]]></system-err>
</testsuite>
